[2025-05-22 09:17:38,452] multiqc                                            [DEBUG  ]  This is MultiQC v1.18
[2025-05-22 09:17:38,452] multiqc                                            [DEBUG  ]  Command used: /usr/bin/multiqc fastqc_results/ -o multiqc_report/
[2025-05-22 09:17:39,027] multiqc                                            [WARNING]  MultiQC Version v1.28 now available!
[2025-05-22 09:17:39,028] multiqc                                            [DEBUG  ]  Working dir : /home/ivon/Desktop
[2025-05-22 09:17:39,028] multiqc                                            [DEBUG  ]  Template    : default
[2025-05-22 09:17:39,028] multiqc                                            [DEBUG  ]  Running Python 3.12.3 (main, Feb  4 2025, 14:48:35) [GCC 13.3.0]
[2025-05-22 09:17:39,030] multiqc                                            [DEBUG  ]  Analysing modules: custom_content, ccs, ngsderive, purple, conpair, lima, peddy, somalier, methylQA, mosdepth, phantompeakqualtools, qualimap, preseq, hifiasm, quast, qorts, rna_seqc, rockhopper, rsem, rseqc, busco, bustools, goleft_indexcov, gffcompare, disambiguate, supernova, deeptools, sargasso, verifybamid, mirtrace, happy, mirtop, sambamba, gopeaks, homer, hops, macs2, theta2, snpeff, gatk, htseq, bcftools, featureCounts, fgbio, dragen, dragen_fastqc, dedup, pbmarkdup, damageprofiler, mapdamage, biobambam2, jcvi, mtnucratio, picard, vep, bakta, prokka, qc3C, nanostat, samblaster, samtools, sexdeterrmine, seqera_cli, eigenstratdatabasetools, bamtools, jellyfish, vcftools, longranger, stacks, varscan2, snippy, umitools, truvari, bbmap, bismark, biscuit, diamond, hicexplorer, hicup, hicpro, salmon, kallisto, slamdunk, star, hisat2, tophat, bowtie2, bowtie1, cellranger, snpsplit, odgi, pangolin, nextclade, freyja, humid, kat, leehom, librarian, adapterRemoval, bbduk, clipandmerge, cutadapt, flexbar, sourmash, kaiju, bracken, kraken, malt, motus, trimmomatic, sickle, skewer, sortmerna, biobloomtools, fastq_screen, afterqc, fastp, fastqc, filtlong, prinseqplusplus, pychopper, porechop, pycoqc, minionqc, anglerfish, multivcfanalyzer, clusterflow, checkqc, bcl2fastq, bclconvert, interop, ivar, flash, seqyclean, optitype, whatshap, xenome, xengsort
[2025-05-22 09:17:39,030] multiqc                                            [DEBUG  ]  Using temporary directory for creating report: /tmp/tmpz681osw6
[2025-05-22 09:17:39,032] multiqc                                            [INFO   ]  Search path : /home/ivon/Desktop/fastqc_results
[2025-05-22 09:17:39,617] multiqc                                            [DEBUG  ]  Summary of files that were skipped by the search: [skipped_module_specific_max_filesize: 72] // [skipped_no_match: 6]
[2025-05-22 09:17:40,079] multiqc.plots.bargraph                             [DEBUG  ]  Using matplotlib version 3.6.3
[2025-05-22 09:17:40,079] multiqc.plots.linegraph                            [DEBUG  ]  Using matplotlib version 3.6.3
[2025-05-22 09:17:40,080] multiqc                                            [DEBUG  ]  No samples found: custom_content
[2025-05-22 09:17:40,149] multiqc.modules.fastqc.fastqc                      [INFO   ]  Found 6 reports
[2025-05-22 09:17:40,190] multiqc.utils.software_versions                    [DEBUG  ]  Reading software versions from config.software_versions
[2025-05-22 09:17:40,197] multiqc                                            [DEBUG  ]  Compressing plot data
[2025-05-22 09:17:40,239] multiqc                                            [INFO   ]  Report      : multiqc_report/multiqc_report.html
[2025-05-22 09:17:40,240] multiqc                                            [INFO   ]  Data        : multiqc_report/multiqc_data
[2025-05-22 09:17:40,240] multiqc                                            [DEBUG  ]  Moving data file from '/tmp/tmpz681osw6/multiqc_data' to 'multiqc_report/multiqc_data'
[2025-05-22 09:17:40,241] multiqc                                            [DEBUG  ]  Full report path: /home/ivon/Desktop/multiqc_report/multiqc_report.html
[2025-05-22 09:17:40,270] multiqc                                            [ERROR  ]  Could not include file 'assets/js/packages/jszip.min.js': [Errno 2] No such file or directory: '/tmp/tmpz681osw6/assets/js/packages/jszip.min.js'
[2025-05-22 09:17:40,333] multiqc                                            [INFO   ]  MultiQC complete
