[2025-05-21 23:53:01,073] multiqc                                            [DEBUG  ]  This is MultiQC v1.18
[2025-05-21 23:53:01,073] multiqc                                            [DEBUG  ]  Command used: /usr/bin/multiqc ERR1328415_2_fastqc.zip ERR1328415_2_fastqc.html ERR1328415_1_fastqc.zip ERR1328415_1_fastqc.html ERR1328363_1_fastqc.zip ERR1328363_1_fastqc.html ERR1328366_2_fastqc.zip ERR1328366_2_fastqc.html ERR1328366_1_fastqc.zip ERR1328366_1_fastqc.html ERR1328363_2_fastqc.zip ERR1328363_2_fastqc.html -o multiqc_report
[2025-05-21 23:53:01,797] multiqc                                            [WARNING]  MultiQC Version v1.28 now available!
[2025-05-21 23:53:01,797] multiqc                                            [DEBUG  ]  Working dir : /home/ivon/Desktop/agb/agb-project/agb2025/group2a/work/1a/a27ce8f54b3bd69a07c7c340a795a8
[2025-05-21 23:53:01,797] multiqc                                            [DEBUG  ]  Template    : default
[2025-05-21 23:53:01,797] multiqc                                            [DEBUG  ]  Running Python 3.12.3 (main, Feb  4 2025, 14:48:35) [GCC 13.3.0]
[2025-05-21 23:53:01,798] multiqc                                            [DEBUG  ]  Analysing modules: custom_content, ccs, ngsderive, purple, conpair, lima, peddy, somalier, methylQA, mosdepth, phantompeakqualtools, qualimap, preseq, hifiasm, quast, qorts, rna_seqc, rockhopper, rsem, rseqc, busco, bustools, goleft_indexcov, gffcompare, disambiguate, supernova, deeptools, sargasso, verifybamid, mirtrace, happy, mirtop, sambamba, gopeaks, homer, hops, macs2, theta2, snpeff, gatk, htseq, bcftools, featureCounts, fgbio, dragen, dragen_fastqc, dedup, pbmarkdup, damageprofiler, mapdamage, biobambam2, jcvi, mtnucratio, picard, vep, bakta, prokka, qc3C, nanostat, samblaster, samtools, sexdeterrmine, seqera_cli, eigenstratdatabasetools, bamtools, jellyfish, vcftools, longranger, stacks, varscan2, snippy, umitools, truvari, bbmap, bismark, biscuit, diamond, hicexplorer, hicup, hicpro, salmon, kallisto, slamdunk, star, hisat2, tophat, bowtie2, bowtie1, cellranger, snpsplit, odgi, pangolin, nextclade, freyja, humid, kat, leehom, librarian, adapterRemoval, bbduk, clipandmerge, cutadapt, flexbar, sourmash, kaiju, bracken, kraken, malt, motus, trimmomatic, sickle, skewer, sortmerna, biobloomtools, fastq_screen, afterqc, fastp, fastqc, filtlong, prinseqplusplus, pychopper, porechop, pycoqc, minionqc, anglerfish, multivcfanalyzer, clusterflow, checkqc, bcl2fastq, bclconvert, interop, ivar, flash, seqyclean, optitype, whatshap, xenome, xengsort
[2025-05-21 23:53:01,798] multiqc                                            [DEBUG  ]  Using temporary directory for creating report: /tmp/tmpxxb_uxo5
[2025-05-21 23:53:01,798] multiqc                                            [INFO   ]  Search path : /home/ivon/Desktop/agb/agb-project/agb2025/group2a/work/1a/a27ce8f54b3bd69a07c7c340a795a8/ERR1328415_2_fastqc.zip
[2025-05-21 23:53:01,798] multiqc                                            [INFO   ]  Search path : /home/ivon/Desktop/agb/agb-project/agb2025/group2a/work/1a/a27ce8f54b3bd69a07c7c340a795a8/ERR1328415_2_fastqc.html
[2025-05-21 23:53:01,798] multiqc                                            [INFO   ]  Search path : /home/ivon/Desktop/agb/agb-project/agb2025/group2a/work/1a/a27ce8f54b3bd69a07c7c340a795a8/ERR1328415_1_fastqc.zip
[2025-05-21 23:53:01,798] multiqc                                            [INFO   ]  Search path : /home/ivon/Desktop/agb/agb-project/agb2025/group2a/work/1a/a27ce8f54b3bd69a07c7c340a795a8/ERR1328415_1_fastqc.html
[2025-05-21 23:53:01,798] multiqc                                            [INFO   ]  Search path : /home/ivon/Desktop/agb/agb-project/agb2025/group2a/work/1a/a27ce8f54b3bd69a07c7c340a795a8/ERR1328363_1_fastqc.zip
[2025-05-21 23:53:01,798] multiqc                                            [INFO   ]  Search path : /home/ivon/Desktop/agb/agb-project/agb2025/group2a/work/1a/a27ce8f54b3bd69a07c7c340a795a8/ERR1328363_1_fastqc.html
[2025-05-21 23:53:01,798] multiqc                                            [INFO   ]  Search path : /home/ivon/Desktop/agb/agb-project/agb2025/group2a/work/1a/a27ce8f54b3bd69a07c7c340a795a8/ERR1328366_2_fastqc.zip
[2025-05-21 23:53:01,798] multiqc                                            [INFO   ]  Search path : /home/ivon/Desktop/agb/agb-project/agb2025/group2a/work/1a/a27ce8f54b3bd69a07c7c340a795a8/ERR1328366_2_fastqc.html
[2025-05-21 23:53:01,798] multiqc                                            [INFO   ]  Search path : /home/ivon/Desktop/agb/agb-project/agb2025/group2a/work/1a/a27ce8f54b3bd69a07c7c340a795a8/ERR1328366_1_fastqc.zip
[2025-05-21 23:53:01,798] multiqc                                            [INFO   ]  Search path : /home/ivon/Desktop/agb/agb-project/agb2025/group2a/work/1a/a27ce8f54b3bd69a07c7c340a795a8/ERR1328366_1_fastqc.html
[2025-05-21 23:53:01,798] multiqc                                            [INFO   ]  Search path : /home/ivon/Desktop/agb/agb-project/agb2025/group2a/work/1a/a27ce8f54b3bd69a07c7c340a795a8/ERR1328363_2_fastqc.zip
[2025-05-21 23:53:01,798] multiqc                                            [INFO   ]  Search path : /home/ivon/Desktop/agb/agb-project/agb2025/group2a/work/1a/a27ce8f54b3bd69a07c7c340a795a8/ERR1328363_2_fastqc.html
[2025-05-21 23:53:01,877] multiqc                                            [DEBUG  ]  Summary of files that were skipped by the search: [skipped_module_specific_max_filesize: 72] // [skipped_no_match: 6]
[2025-05-21 23:53:02,017] multiqc.plots.bargraph                             [DEBUG  ]  Using matplotlib version 3.6.3
[2025-05-21 23:53:02,018] multiqc.plots.linegraph                            [DEBUG  ]  Using matplotlib version 3.6.3
[2025-05-21 23:53:02,018] multiqc                                            [DEBUG  ]  No samples found: custom_content
[2025-05-21 23:53:02,049] multiqc.modules.fastqc.fastqc                      [INFO   ]  Found 6 reports
[2025-05-21 23:53:02,063] multiqc.utils.software_versions                    [DEBUG  ]  Reading software versions from config.software_versions
[2025-05-21 23:53:02,066] multiqc                                            [DEBUG  ]  Compressing plot data
[2025-05-21 23:53:02,085] multiqc                                            [INFO   ]  Report      : multiqc_report/multiqc_report.html
[2025-05-21 23:53:02,085] multiqc                                            [INFO   ]  Data        : multiqc_report/multiqc_data
[2025-05-21 23:53:02,085] multiqc                                            [DEBUG  ]  Moving data file from '/tmp/tmpxxb_uxo5/multiqc_data' to 'multiqc_report/multiqc_data'
[2025-05-21 23:53:02,085] multiqc                                            [DEBUG  ]  Full report path: /home/ivon/Desktop/agb/agb-project/agb2025/group2a/work/1a/a27ce8f54b3bd69a07c7c340a795a8/multiqc_report/multiqc_report.html
[2025-05-21 23:53:02,095] multiqc                                            [ERROR  ]  Could not include file 'assets/js/packages/jszip.min.js': [Errno 2] No such file or directory: '/tmp/tmpxxb_uxo5/assets/js/packages/jszip.min.js'
[2025-05-21 23:53:02,117] multiqc                                            [INFO   ]  MultiQC complete
